# JRE version: OpenJDK Runtime Environment (11.0.6+10) (build 11.0.6+10)
# Java VM: OpenJDK 64-Bit Server VM (11.0.6+10, mixed mode, tiered, compressed oops, g1 gc, linux-amd64)
Heap:
 garbage-first heap   total 90112K, used 33980K [0x00000000a8200000, 0x0000000100000000)
  region size 1024K, 12 young (12288K), 4 survivors (4096K)
 Metaspace       used 53695K, capacity 55313K, committed 55936K, reserved 1097728K
  class space    used 7056K, capacity 7710K, committed 7808K, reserved 1048576K
GC Heap History (18 events):
Event: 6,401 GC heap before
{Heap before GC invocations=0 (full 0):
 garbage-first heap   total 90112K, used 14336K [0x00000000a8200000, 0x0000000100000000)
  region size 1024K, 14 young (14336K), 0 survivors (0K)
 Metaspace       used 9001K, capacity 9169K, committed 9472K, reserved 1058816K
  class space    used 898K, capacity 974K, committed 1024K, reserved 1048576K
}
Event: 6,418 GC heap after
{Heap after GC invocations=1 (full 0):
 garbage-first heap   total 90112K, used 6914K [0x00000000a8200000, 0x0000000100000000)
  region size 1024K, 2 young (2048K), 2 survivors (2048K)
 Metaspace       used 9001K, capacity 9169K, committed 9472K, reserved 1058816K
  class space    used 898K, capacity 974K, committed 1024K, reserved 1048576K
}
Event: 8,667 GC heap before
{Heap before GC invocations=1 (full 0):
 garbage-first heap   total 90112K, used 18178K [0x00000000a8200000, 0x0000000100000000)
  region size 1024K, 14 young (14336K), 2 survivors (2048K)
 Metaspace       used 14881K, capacity 15429K, committed 15744K, reserved 1062912K
  class space    used 1622K, capacity 1807K, committed 1920K, reserved 1048576K
}
Event: 8,676 GC heap after
{Heap after GC invocations=2 (full 0):
 garbage-first heap   total 90112K, used 8885K [0x00000000a8200000, 0x0000000100000000)
  region size 1024K, 2 young (2048K), 2 survivors (2048K)
 Metaspace       used 14881K, capacity 15429K, committed 15744K, reserved 1062912K
  class space    used 1622K, capacity 1807K, committed 1920K, reserved 1048576K
}
Event: 10,310 GC heap before
{Heap before GC invocations=2 (full 0):
 garbage-first heap   total 90112K, used 29365K [0x00000000a8200000, 0x0000000100000000)
  region size 1024K, 24 young (24576K), 2 survivors (2048K)
 Metaspace       used 20440K, capacity 21168K, committed 21248K, reserved 1067008K
  class space    used 2436K, capacity 2761K, committed 2816K, reserved 1048576K
}
Event: 10,324 GC heap after
{Heap after GC invocations=3 (full 0):
 garbage-first heap   total 90112K, used 12554K [0x00000000a8200000, 0x0000000100000000)
  region size 1024K, 4 young (4096K), 4 survivors (4096K)
 Metaspace       used 20440K, capacity 21168K, committed 21248K, reserved 1067008K
  class space    used 2436K, capacity 2761K, committed 2816K, reserved 1048576K
}
Event: 16,755 GC heap before
{Heap before GC invocations=4 (full 0):
 garbage-first heap   total 90112K, used 58634K [0x00000000a8200000, 0x0000000100000000)
  region size 1024K, 48 young (49152K), 4 survivors (4096K)
 Metaspace       used 26759K, capacity 28212K, committed 28544K, reserved 1073152K
  class space    used 3558K, capacity 4126K, committed 4224K, reserved 1048576K
}
Event: 16,776 GC heap after
{Heap after GC invocations=5 (full 0):
 garbage-first heap   total 90112K, used 18966K [0x00000000a8200000, 0x0000000100000000)
  region size 1024K, 6 young (6144K), 6 survivors (6144K)
 Metaspace       used 26759K, capacity 28212K, committed 28544K, reserved 1073152K
  class space    used 3558K, capacity 4126K, committed 4224K, reserved 1048576K
}
Event: 18,115 GC heap before
{Heap before GC invocations=5 (full 0):
 garbage-first heap   total 90112K, used 55830K [0x00000000a8200000, 0x0000000100000000)
  region size 1024K, 43 young (44032K), 6 survivors (6144K)
 Metaspace       used 32406K, capacity 33842K, committed 34304K, reserved 1079296K
  class space    used 4212K, capacity 4786K, committed 4864K, reserved 1048576K
}
Event: 18,139 GC heap after
{Heap after GC invocations=6 (full 0):
 garbage-first heap   total 90112K, used 20493K [0x00000000a8200000, 0x0000000100000000)
  region size 1024K, 2 young (2048K), 2 survivors (2048K)
 Metaspace       used 32406K, capacity 33842K, committed 34304K, reserved 1079296K
  class space    used 4212K, capacity 4786K, committed 4864K, reserved 1048576K
}
Event: 18,886 GC heap before
{Heap before GC invocations=6 (full 0):
 garbage-first heap   total 90112K, used 34829K [0x00000000a8200000, 0x0000000100000000)
  region size 1024K, 17 young (17408K), 2 survivors (2048K)
 Metaspace       used 34256K, capacity 35641K, committed 35840K, reserved 1079296K
  class space    used 4539K, capacity 5086K, committed 5120K, reserved 1048576K
}
Event: 18,892 GC heap after
{Heap after GC invocations=7 (full 0):
 garbage-first heap   total 90112K, used 20499K [0x00000000a8200000, 0x0000000100000000)
  region size 1024K, 2 young (2048K), 2 survivors (2048K)
 Metaspace       used 34256K, capacity 35641K, committed 35840K, reserved 1079296K
  class space    used 4539K, capacity 5086K, committed 5120K, reserved 1048576K
}
Event: 21,339 GC heap before
{Heap before GC invocations=8 (full 0):
 garbage-first heap   total 90112K, used 57363K [0x00000000a8200000, 0x0000000100000000)
  region size 1024K, 38 young (38912K), 2 survivors (2048K)
 Metaspace       used 40700K, capacity 42143K, committed 42624K, reserved 1085440K
  class space    used 5366K, capacity 5956K, committed 6016K, reserved 1048576K
}
Event: 21,348 GC heap after
{Heap after GC invocations=9 (full 0):
 garbage-first heap   total 90112K, used 22922K [0x00000000a8200000, 0x0000000100000000)
  region size 1024K, 4 young (4096K), 4 survivors (4096K)
 Metaspace       used 40700K, capacity 42143K, committed 42624K, reserved 1085440K
  class space    used 5366K, capacity 5956K, committed 6016K, reserved 1048576K
}
Event: 22,433 GC heap before
{Heap before GC invocations=9 (full 0):
 garbage-first heap   total 90112K, used 60810K [0x00000000a8200000, 0x0000000100000000)
  region size 1024K, 41 young (41984K), 4 survivors (4096K)
 Metaspace       used 46339K, capacity 47892K, committed 48384K, reserved 1091584K
  class space    used 6230K, capacity 6861K, committed 6912K, reserved 1048576K
}
Event: 22,445 GC heap after
{Heap after GC invocations=10 (full 0):
 garbage-first heap   total 90112K, used 24173K [0x00000000a8200000, 0x0000000100000000)
  region size 1024K, 5 young (5120K), 5 survivors (5120K)
 Metaspace       used 46339K, capacity 47892K, committed 48384K, reserved 1091584K
  class space    used 6230K, capacity 6861K, committed 6912K, reserved 1048576K
}
Event: 27,711 GC heap before
{Heap before GC invocations=10 (full 0):
 garbage-first heap   total 90112K, used 61037K [0x00000000a8200000, 0x0000000100000000)
  region size 1024K, 42 young (43008K), 5 survivors (5120K)
 Metaspace       used 51709K, capacity 53283K, committed 53888K, reserved 1095680K
  class space    used 6869K, capacity 7505K, committed 7552K, reserved 1048576K
}
Event: 27,723 GC heap after
{Heap after GC invocations=11 (full 0):
 garbage-first heap   total 90112K, used 26812K [0x00000000a8200000, 0x0000000100000000)
  region size 1024K, 4 young (4096K), 4 survivors (4096K)
 Metaspace       used 51709K, capacity 53283K, committed 53888K, reserved 1095680K
  class space    used 6869K, capacity 7505K, committed 7552K, reserved 1048576K
}

